app/build/intermediates/manifest_merge_blame_file/debug/manifest-merger-blame-debug-report.txt
1<?xml version="1.0" encoding="utf-8"?>
2<manifest xmlns:android="http://schemas.android.com/apk/res/android"
3    package="com.example.foodwaste"
4    android:versionCode="1"
5    android:versionName="1.0" >
6
7    <uses-sdk
8        android:minSdkVersion="22"
8-->src/main/AndroidManifest.xml
9        android:targetSdkVersion="32" />
9-->src/main/AndroidManifest.xml
10
11    <application
11-->src/main/AndroidManifest.xml:5:5-50:19
12        android:allowBackup="true"
12-->src/main/AndroidManifest.xml:6:9-35
13        android:appComponentFactory="androidx.core.app.CoreComponentFactory"
13-->[androidx.core:core:1.7.0] AndroidManifest.xml:24:18-86
14        android:debuggable="true"
15        android:icon="@mipmap/ic_launcher"
15-->src/main/AndroidManifest.xml:7:9-43
16        android:label="Demeter"
16-->src/main/AndroidManifest.xml:8:9-32
17        android:roundIcon="@mipmap/ic_launcher_round"
17-->src/main/AndroidManifest.xml:9:9-54
18        android:supportsRtl="true"
18-->src/main/AndroidManifest.xml:10:9-35
19        android:testOnly="true"
20        android:theme="@style/Theme.FoodWaste" >
20-->src/main/AndroidManifest.xml:11:9-47
21        <activity
21-->src/main/AndroidManifest.xml:12:9-14:40
22            android:name="com.example.foodwaste.settings_address"
22-->src/main/AndroidManifest.xml:13:13-45
23            android:exported="false" />
23-->src/main/AndroidManifest.xml:14:13-37
24        <activity
24-->src/main/AndroidManifest.xml:15:9-17:40
25            android:name="com.example.foodwaste.settings_phno"
25-->src/main/AndroidManifest.xml:16:13-42
26            android:exported="false" />
26-->src/main/AndroidManifest.xml:17:13-37
27        <activity
27-->src/main/AndroidManifest.xml:18:9-20:40
28            android:name="com.example.foodwaste.settings_email"
28-->src/main/AndroidManifest.xml:19:13-43
29            android:exported="false" />
29-->src/main/AndroidManifest.xml:20:13-37
30        <activity
30-->src/main/AndroidManifest.xml:21:9-23:40
31            android:name="com.example.foodwaste.settings_password"
31-->src/main/AndroidManifest.xml:22:13-46
32            android:exported="false" />
32-->src/main/AndroidManifest.xml:23:13-37
33        <activity
33-->src/main/AndroidManifest.xml:24:9-26:40
34            android:name="com.example.foodwaste.changepassword"
34-->src/main/AndroidManifest.xml:25:13-43
35            android:exported="false" />
35-->src/main/AndroidManifest.xml:26:13-37
36        <activity
36-->src/main/AndroidManifest.xml:27:9-29:40
37            android:name="com.example.foodwaste.Settings_Activity"
37-->src/main/AndroidManifest.xml:28:13-46
38            android:exported="false" />
38-->src/main/AndroidManifest.xml:29:13-37
39        <activity
39-->src/main/AndroidManifest.xml:30:9-34:66
40            android:name="com.example.foodwaste.NavActivity"
40-->src/main/AndroidManifest.xml:31:13-40
41            android:exported="false"
41-->src/main/AndroidManifest.xml:32:13-37
42            android:label="@string/title_activity_nav"
42-->src/main/AndroidManifest.xml:33:13-55
43            android:theme="@style/Theme.FoodWaste.NoActionBar" />
43-->src/main/AndroidManifest.xml:34:13-63
44        <activity
44-->src/main/AndroidManifest.xml:35:9-37:40
45            android:name="com.example.foodwaste.SignUpActivity"
45-->src/main/AndroidManifest.xml:36:13-43
46            android:exported="false" />
46-->src/main/AndroidManifest.xml:37:13-37
47        <activity
47-->src/main/AndroidManifest.xml:38:9-40:40
48            android:name="com.example.foodwaste.MainPageActivity"
48-->src/main/AndroidManifest.xml:39:13-45
49            android:exported="false" />
49-->src/main/AndroidManifest.xml:40:13-37
50        <activity
50-->src/main/AndroidManifest.xml:41:9-49:20
51            android:name="com.example.foodwaste.LoginActivity"
51-->src/main/AndroidManifest.xml:42:13-42
52            android:exported="true" >
52-->src/main/AndroidManifest.xml:43:13-36
53            <intent-filter>
53-->src/main/AndroidManifest.xml:44:13-48:29
54                <action android:name="android.intent.action.MAIN" />
54-->src/main/AndroidManifest.xml:45:17-69
54-->src/main/AndroidManifest.xml:45:25-66
55
56                <category android:name="android.intent.category.LAUNCHER" />
56-->src/main/AndroidManifest.xml:47:17-77
56-->src/main/AndroidManifest.xml:47:27-74
57            </intent-filter>
58        </activity>
59
60        <provider
60-->[androidx.emoji2:emoji2:1.0.0] AndroidManifest.xml:26:9-34:20
61            android:name="androidx.startup.InitializationProvider"
61-->[androidx.emoji2:emoji2:1.0.0] AndroidManifest.xml:27:13-67
62            android:authorities="com.example.foodwaste.androidx-startup"
62-->[androidx.emoji2:emoji2:1.0.0] AndroidManifest.xml:28:13-68
63            android:exported="false" >
63-->[androidx.emoji2:emoji2:1.0.0] AndroidManifest.xml:29:13-37
64            <meta-data
64-->[androidx.emoji2:emoji2:1.0.0] AndroidManifest.xml:31:13-33:52
65                android:name="androidx.emoji2.text.EmojiCompatInitializer"
65-->[androidx.emoji2:emoji2:1.0.0] AndroidManifest.xml:32:17-75
66                android:value="androidx.startup" />
66-->[androidx.emoji2:emoji2:1.0.0] AndroidManifest.xml:33:17-49
67            <meta-data
67-->[androidx.lifecycle:lifecycle-process:2.4.0] AndroidManifest.xml:31:13-33:52
68                android:name="androidx.lifecycle.ProcessLifecycleInitializer"
68-->[androidx.lifecycle:lifecycle-process:2.4.0] AndroidManifest.xml:32:17-78
69                android:value="androidx.startup" />
69-->[androidx.lifecycle:lifecycle-process:2.4.0] AndroidManifest.xml:33:17-49
70        </provider>
71    </application>
72
73</manifest>